# JRE version: OpenJDK Runtime Environment (8.0_76-b03) (build 1.8.0_76-release-b03)
# Java VM: OpenJDK 64-Bit Server VM (25.76-b03 mixed mode windows-amd64 compressed oops)
Heap:
 PSYoungGen      total 112128K, used 44004K [0x00000000e0000000, 0x00000000e8700000, 0x0000000100000000)
  eden space 104960K, 41% used [0x00000000e0000000,0x00000000e2af91b0,0x00000000e6680000)
  from space 7168K, 0% used [0x00000000e8000000,0x00000000e8000000,0x00000000e8700000)
  to   space 10240K, 0% used [0x00000000e7300000,0x00000000e7300000,0x00000000e7d00000)
 ParOldGen       total 50176K, used 17588K [0x00000000a0000000, 0x00000000a3100000, 0x00000000e0000000)
  object space 50176K, 35% used [0x00000000a0000000,0x00000000a112d168,0x00000000a3100000)
 Metaspace       used 36552K, capacity 37196K, committed 37672K, reserved 1081344K
  class space    used 4925K, capacity 5090K, committed 5168K, reserved 1048576K
GC Heap History (10 events):
Event: 12.552 GC heap before
{Heap before GC invocations=6 (full 1):
 PSYoungGen      total 65024K, used 4592K [0x00000000e0000000, 0x00000000e8a00000, 0x0000000100000000)
  eden space 60416K, 0% used [0x00000000e0000000,0x00000000e0000000,0x00000000e3b00000)
  from space 4608K, 99% used [0x00000000e3b00000,0x00000000e3f7c030,0x00000000e3f80000)
  to   space 10240K, 0% used [0x00000000e8000000,0x00000000e8000000,0x00000000e8a00000)
 ParOldGen       total 79360K, used 8863K [0x00000000a0000000, 0x00000000a4d80000, 0x00000000e0000000)
  object space 79360K, 11% used [0x00000000a0000000,0x00000000a08a7d10,0x00000000a4d80000)
 Metaspace       used 20815K, capacity 21160K, committed 21296K, reserved 1067008K
  class space    used 2723K, capacity 2847K, committed 2864K, reserved 1048576K
Event: 12.678 GC heap after
Heap after GC invocations=6 (full 1):
 PSYoungGen      total 65024K, used 0K [0x00000000e0000000, 0x00000000e8a00000, 0x0000000100000000)
  eden space 60416K, 0% used [0x00000000e0000000,0x00000000e0000000,0x00000000e3b00000)
  from space 4608K, 0% used [0x00000000e3b00000,0x00000000e3b00000,0x00000000e3f80000)
  to   space 10240K, 0% used [0x00000000e8000000,0x00000000e8000000,0x00000000e8a00000)
 ParOldGen       total 50176K, used 7415K [0x00000000a0000000, 0x00000000a3100000, 0x00000000e0000000)
  object space 50176K, 14% used [0x00000000a0000000,0x00000000a073dc18,0x00000000a3100000)
 Metaspace       used 20815K, capacity 21160K, committed 21296K, reserved 1067008K
  class space    used 2723K, capacity 2847K, committed 2864K, reserved 1048576K
}
Event: 15.676 GC heap before
{Heap before GC invocations=7 (full 1):
 PSYoungGen      total 65024K, used 60416K [0x00000000e0000000, 0x00000000e8a00000, 0x0000000100000000)
  eden space 60416K, 100% used [0x00000000e0000000,0x00000000e3b00000,0x00000000e3b00000)
  from space 4608K, 0% used [0x00000000e3b00000,0x00000000e3b00000,0x00000000e3f80000)
  to   space 10240K, 0% used [0x00000000e8000000,0x00000000e8000000,0x00000000e8a00000)
 ParOldGen       total 50176K, used 7415K [0x00000000a0000000, 0x00000000a3100000, 0x00000000e0000000)
  object space 50176K, 14% used [0x00000000a0000000,0x00000000a073dc18,0x00000000a3100000)
 Metaspace       used 25512K, capacity 25950K, committed 26160K, reserved 1071104K
  class space    used 3498K, capacity 3605K, committed 3632K, reserved 1048576K
Event: 15.702 GC heap after
Heap after GC invocations=7 (full 1):
 PSYoungGen      total 112128K, used 6935K [0x00000000e0000000, 0x00000000e8700000, 0x0000000100000000)
  eden space 104960K, 0% used [0x00000000e0000000,0x00000000e0000000,0x00000000e6680000)
  from space 7168K, 96% used [0x00000000e8000000,0x00000000e86c5f88,0x00000000e8700000)
  to   space 10240K, 0% used [0x00000000e7300000,0x00000000e7300000,0x00000000e7d00000)
 ParOldGen       total 50176K, used 7415K [0x00000000a0000000, 0x00000000a3100000, 0x00000000e0000000)
  object space 50176K, 14% used [0x00000000a0000000,0x00000000a073dc18,0x00000000a3100000)
 Metaspace       used 25512K, capacity 25950K, committed 26160K, reserved 1071104K
  class space    used 3498K, capacity 3605K, committed 3632K, reserved 1048576K
}
Event: 20.427 GC heap before
{Heap before GC invocations=8 (full 1):
 PSYoungGen      total 112128K, used 111895K [0x00000000e0000000, 0x00000000e8700000, 0x0000000100000000)
  eden space 104960K, 100% used [0x00000000e0000000,0x00000000e6680000,0x00000000e6680000)
  from space 7168K, 96% used [0x00000000e8000000,0x00000000e86c5f88,0x00000000e8700000)
  to   space 10240K, 0% used [0x00000000e7300000,0x00000000e7300000,0x00000000e7d00000)
 ParOldGen       total 50176K, used 7415K [0x00000000a0000000, 0x00000000a3100000, 0x00000000e0000000)
  object space 50176K, 14% used [0x00000000a0000000,0x00000000a073dc18,0x00000000a3100000)
 Metaspace       used 29050K, capacity 29568K, committed 29744K, reserved 1075200K
  class space    used 3947K, capacity 4107K, committed 4144K, reserved 1048576K
Event: 20.455 GC heap after
Heap after GC invocations=8 (full 1):
 PSYoungGen      total 115200K, used 7484K [0x00000000e0000000, 0x00000000e8700000, 0x0000000100000000)
  eden space 104960K, 0% used [0x00000000e0000000,0x00000000e0000000,0x00000000e6680000)
  from space 10240K, 73% used [0x00000000e7300000,0x00000000e7a4f1e0,0x00000000e7d00000)
  to   space 7168K, 0% used [0x00000000e8000000,0x00000000e8000000,0x00000000e8700000)
 ParOldGen       total 50176K, used 7423K [0x00000000a0000000, 0x00000000a3100000, 0x00000000e0000000)
  object space 50176K, 14% used [0x00000000a0000000,0x00000000a073fc18,0x00000000a3100000)
 Metaspace       used 29050K, capacity 29568K, committed 29744K, reserved 1075200K
  class space    used 3947K, capacity 4107K, committed 4144K, reserved 1048576K
}
Event: 24.210 GC heap before
{Heap before GC invocations=9 (full 1):
 PSYoungGen      total 115200K, used 79292K [0x00000000e0000000, 0x00000000e8700000, 0x0000000100000000)
  eden space 104960K, 68% used [0x00000000e0000000,0x00000000e461ff88,0x00000000e6680000)
  from space 10240K, 73% used [0x00000000e7300000,0x00000000e7a4f1e0,0x00000000e7d00000)
  to   space 7168K, 0% used [0x00000000e8000000,0x00000000e8000000,0x00000000e8700000)
 ParOldGen       total 50176K, used 7423K [0x00000000a0000000, 0x00000000a3100000, 0x00000000e0000000)
  object space 50176K, 14% used [0x00000000a0000000,0x00000000a073fc18,0x00000000a3100000)
 Metaspace       used 34460K, capacity 35052K, committed 35496K, reserved 1079296K
  class space    used 4620K, capacity 4781K, committed 4784K, reserved 1048576K
Event: 24.235 GC heap after
Heap after GC invocations=9 (full 1):
 PSYoungGen      total 112128K, used 7156K [0x00000000e0000000, 0x00000000e8700000, 0x0000000100000000)
  eden space 104960K, 0% used [0x00000000e0000000,0x00000000e0000000,0x00000000e6680000)
  from space 7168K, 99% used [0x00000000e8000000,0x00000000e86fd368,0x00000000e8700000)
  to   space 10240K, 0% used [0x00000000e7300000,0x00000000e7300000,0x00000000e7d00000)
 ParOldGen       total 50176K, used 11247K [0x00000000a0000000, 0x00000000a3100000, 0x00000000e0000000)
  object space 50176K, 22% used [0x00000000a0000000,0x00000000a0afbda0,0x00000000a3100000)
 Metaspace       used 34460K, capacity 35052K, committed 35496K, reserved 1079296K
  class space    used 4620K, capacity 4781K, committed 4784K, reserved 1048576K
}
Event: 24.235 GC heap before
{Heap before GC invocations=10 (full 2):
 PSYoungGen      total 112128K, used 7156K [0x00000000e0000000, 0x00000000e8700000, 0x0000000100000000)
  eden space 104960K, 0% used [0x00000000e0000000,0x00000000e0000000,0x00000000e6680000)
  from space 7168K, 99% used [0x00000000e8000000,0x00000000e86fd368,0x00000000e8700000)
  to   space 10240K, 0% used [0x00000000e7300000,0x00000000e7300000,0x00000000e7d00000)
 ParOldGen       total 50176K, used 11247K [0x00000000a0000000, 0x00000000a3100000, 0x00000000e0000000)
  object space 50176K, 22% used [0x00000000a0000000,0x00000000a0afbda0,0x00000000a3100000)
 Metaspace       used 34460K, capacity 35052K, committed 35496K, reserved 1079296K
  class space    used 4620K, capacity 4781K, committed 4784K, reserved 1048576K
Event: 24.455 GC heap after
Heap after GC invocations=10 (full 2):
 PSYoungGen      total 112128K, used 0K [0x00000000e0000000, 0x00000000e8700000, 0x0000000100000000)
  eden space 104960K, 0% used [0x00000000e0000000,0x00000000e0000000,0x00000000e6680000)
  from space 7168K, 0% used [0x00000000e8000000,0x00000000e8000000,0x00000000e8700000)
  to   space 10240K, 0% used [0x00000000e7300000,0x00000000e7300000,0x00000000e7d00000)
 ParOldGen       total 50176K, used 17588K [0x00000000a0000000, 0x00000000a3100000, 0x00000000e0000000)
  object space 50176K, 35% used [0x00000000a0000000,0x00000000a112d168,0x00000000a3100000)
 Metaspace       used 34460K, capacity 35052K, committed 35496K, reserved 1079296K
  class space    used 4620K, capacity 4781K, committed 4784K, reserved 1048576K
}

